<?xml version="1.0" encoding="UTF-8"?>
<testsuite xmlns:xsi="http://www.w3.org/2001/XMLSchema-instance" xsi:noNamespaceSchemaLocation="https://maven.apache.org/surefire/maven-surefire-plugin/xsd/surefire-test-report-3.0.xsd" version="3.0" name="tests.loans.positive.CarLoansPositiveTest" time="11.895" tests="1" errors="0" skipped="0" failures="0">
  <properties>
[...]
</properties>
  <testcase name="selectAgreementsTabInPublicSession" classname="tests.loans.positive.CarLoansPositiveTest" time="8.763">
    <system-err><![CDATA[SLF4J: Failed to load class "org.slf4j.impl.StaticLoggerBinder".
SLF4J: Defaulting to no-operation (NOP) logger implementation
SLF4J: See http://www.slf4j.org/codes.html#StaticLoggerBinder for further details.
лип. 04, 2023 12:46:07 ПП tests.base.BaseTest <clinit>
INFO: START TIME12:46:07.530000500
лип. 04, 2023 12:46:07 ПП tests.base.BaseTest <clinit>
INFO: Start clear reports dir: build/reports ...
лип. 04, 2023 12:46:07 ПП org.openqa.selenium.remote.service.DriverService$Builder getLogOutput
INFO: Driver logs no longer sent to console by default; https://www.selenium.dev/documentation/webdriver/drivers/service/#setting-log-output
]]></system-err>
  </testcase>
</testsuite>